---------------------------------------------------------------
[ 2019-06-27T23:21:21+08:00 ] 127.0.0.1 127.0.0.1 GET /index/cart/index.html
[ info ] shop34.com/index/cart/index.html [运行时间：0.668614s][吞吐率：1.50req/s] [内存消耗：2,457.27kb] [文件加载：60]
[ info ] [ LANG ] D:\phpStudy\PHPTutorial\WWW\php34\shop\thinkphp\lang\zh-cn.php
[ info ] [ ROUTE ] array (
  'type' => 'module',
  'module' => 
  array (
    0 => 'index',
    1 => 'cart',
    2 => 'index',
  ),
)
[ info ] [ HEADER ] array (
  'cookie' => 'pgv_pvi=5544160256; admin_info=think%3A%7B%22id%22%3A%221%22%2C%22username%22%3A%22admin%22%2C%22password%22%3A%2221232f297a57a5a743894a0e4a801fc3%22%2C%22role_id%22%3A%221%22%7D',
  'accept-language' => 'zh-CN,zh;q=0.9',
  'accept-encoding' => 'gzip, deflate',
  'accept' => 'text/html,application/xhtml+xml,application/xml;q=0.9,image/webp,image/apng,*/*;q=0.8,application/signed-exchange;v=b3',
  'user-agent' => 'Mozilla/5.0 (Windows NT 10.0; Win64; x64) AppleWebKit/537.36 (KHTML, like Gecko) Chrome/75.0.3770.100 Safari/537.36',
  'upgrade-insecure-requests' => '1',
  'connection' => 'close',
  'host' => 'shop34.com',
)
[ info ] [ PARAM ] array (
)
[ info ] [ DB ] INIT mysql
[ info ] [ RUN ] app\index\controller\Cart->index[ D:\phpStudy\PHPTutorial\WWW\php34\shop\application\index\controller\Cart.php ]
[ info ] [ SESSION ] INIT array (
  'id' => '',
  'var_session_id' => '',
  'prefix' => 'think',
  'type' => '',
  'auto_start' => true,
)
[ info ] [ VIEW ] D:\phpStudy\PHPTutorial\WWW\php34\shop\public/../application/index\view\cart\index.html [ array (
  0 => 'category',
  1 => 'data',
  2 => 'total',
) ]
[ info ] [ LOG ] INIT File
[ sql ] [ DB ] CONNECT:[ UseTime:0.020633s ] mysql:host=127.0.0.1;port=3306;dbname=shop34;charset=utf8
[ sql ] [ SQL ] SHOW COLUMNS FROM `shop_category` [ RunTime:0.232904s ]
[ sql ] [ SQL ] SELECT * FROM `shop_category` [ RunTime:0.001344s ]
---------------------------------------------------------------
[ 2019-06-27T23:21:24+08:00 ] 127.0.0.1 127.0.0.1 GET /index/user/login.html
[ info ] shop34.com/index/user/login.html [运行时间：0.082513s][吞吐率：12.12req/s] [内存消耗：2,223.71kb] [文件加载：57]
[ info ] [ LANG ] D:\phpStudy\PHPTutorial\WWW\php34\shop\thinkphp\lang\zh-cn.php
[ info ] [ ROUTE ] array (
  'type' => 'module',
  'module' => 
  array (
    0 => 'index',
    1 => 'user',
    2 => 'login',
  ),
)
[ info ] [ HEADER ] array (
  'cookie' => 'pgv_pvi=5544160256; admin_info=think%3A%7B%22id%22%3A%221%22%2C%22username%22%3A%22admin%22%2C%22password%22%3A%2221232f297a57a5a743894a0e4a801fc3%22%2C%22role_id%22%3A%221%22%7D; PHPSESSID=plq5vkt9m2273uppbv6rsbikr4',
  'accept-language' => 'zh-CN,zh;q=0.9',
  'accept-encoding' => 'gzip, deflate',
  'referer' => 'http://shop34.com/index/cart/index.html',
  'accept' => 'text/html,application/xhtml+xml,application/xml;q=0.9,image/webp,image/apng,*/*;q=0.8,application/signed-exchange;v=b3',
  'user-agent' => 'Mozilla/5.0 (Windows NT 10.0; Win64; x64) AppleWebKit/537.36 (KHTML, like Gecko) Chrome/75.0.3770.100 Safari/537.36',
  'upgrade-insecure-requests' => '1',
  'connection' => 'close',
  'host' => 'shop34.com',
)
[ info ] [ PARAM ] array (
)
[ info ] [ DB ] INIT mysql
[ info ] [ RUN ] app\index\controller\User->login[ D:\phpStudy\PHPTutorial\WWW\php34\shop\application\index\controller\User.php ]
[ info ] [ VIEW ] D:\phpStudy\PHPTutorial\WWW\php34\shop\public/../application/index\view\user\login.html [ array (
  0 => 'category',
) ]
[ info ] [ LOG ] INIT File
[ sql ] [ DB ] CONNECT:[ UseTime:0.011442s ] mysql:host=127.0.0.1;port=3306;dbname=shop34;charset=utf8
[ sql ] [ SQL ] SHOW COLUMNS FROM `shop_category` [ RunTime:0.024029s ]
[ sql ] [ SQL ] SELECT * FROM `shop_category` [ RunTime:0.000498s ]
---------------------------------------------------------------
[ 2019-06-27T23:21:24+08:00 ] 127.0.0.1 127.0.0.1 GET /index/user/captcha.html
[ info ] shop34.com/index/user/captcha.html [运行时间：0.380090s][吞吐率：2.63req/s] [内存消耗：2,113.01kb] [文件加载：54]
[ info ] [ LANG ] D:\phpStudy\PHPTutorial\WWW\php34\shop\thinkphp\lang\zh-cn.php
[ info ] [ ROUTE ] array (
  'type' => 'module',
  'module' => 
  array (
    0 => 'index',
    1 => 'user',
    2 => 'captcha',
  ),
)
[ info ] [ HEADER ] array (
  'cookie' => 'pgv_pvi=5544160256; admin_info=think%3A%7B%22id%22%3A%221%22%2C%22username%22%3A%22admin%22%2C%22password%22%3A%2221232f297a57a5a743894a0e4a801fc3%22%2C%22role_id%22%3A%221%22%7D; PHPSESSID=plq5vkt9m2273uppbv6rsbikr4',
  'accept-language' => 'zh-CN,zh;q=0.9',
  'accept-encoding' => 'gzip, deflate',
  'referer' => 'http://shop34.com/index/user/login.html',
  'accept' => 'image/webp,image/apng,image/*,*/*;q=0.8',
  'user-agent' => 'Mozilla/5.0 (Windows NT 10.0; Win64; x64) AppleWebKit/537.36 (KHTML, like Gecko) Chrome/75.0.3770.100 Safari/537.36',
  'connection' => 'close',
  'host' => 'shop34.com',
)
[ info ] [ PARAM ] array (
)
[ info ] [ DB ] INIT mysql
[ info ] [ RUN ] app\index\controller\User->captcha[ D:\phpStudy\PHPTutorial\WWW\php34\shop\application\index\controller\User.php ]
[ info ] [ SESSION ] INIT array (
  'id' => '',
  'var_session_id' => '',
  'prefix' => 'think',
  'type' => '',
  'auto_start' => true,
)
[ info ] [ LOG ] INIT File
[ sql ] [ DB ] CONNECT:[ UseTime:0.010716s ] mysql:host=127.0.0.1;port=3306;dbname=shop34;charset=utf8
[ sql ] [ SQL ] SHOW COLUMNS FROM `shop_category` [ RunTime:0.014796s ]
[ sql ] [ SQL ] SELECT * FROM `shop_category` [ RunTime:0.000561s ]
---------------------------------------------------------------
[ 2019-06-27T23:21:31+08:00 ] 127.0.0.1 127.0.0.1 GET /index/user/captcha.html
[ info ] shop34.com/index/user/captcha.html [运行时间：0.190338s][吞吐率：5.25req/s] [内存消耗：2,113.35kb] [文件加载：54]
[ info ] [ LANG ] D:\phpStudy\PHPTutorial\WWW\php34\shop\thinkphp\lang\zh-cn.php
[ info ] [ ROUTE ] array (
  'type' => 'module',
  'module' => 
  array (
    0 => 'index',
    1 => 'user',
    2 => 'captcha',
  ),
)
[ info ] [ HEADER ] array (
  'cookie' => 'thinkphp_show_page_trace=0|0; pgv_pvi=5544160256; admin_info=think%3A%7B%22id%22%3A%221%22%2C%22username%22%3A%22admin%22%2C%22password%22%3A%2221232f297a57a5a743894a0e4a801fc3%22%2C%22role_id%22%3A%221%22%7D; PHPSESSID=plq5vkt9m2273uppbv6rsbikr4',
  'accept-language' => 'zh-CN,zh;q=0.9',
  'accept-encoding' => 'gzip, deflate',
  'referer' => 'http://shop34.com/index/user/login.html',
  'accept' => 'image/webp,image/apng,image/*,*/*;q=0.8',
  'user-agent' => 'Mozilla/5.0 (Windows NT 10.0; Win64; x64) AppleWebKit/537.36 (KHTML, like Gecko) Chrome/75.0.3770.100 Safari/537.36',
  'connection' => 'close',
  'host' => 'shop34.com',
)
[ info ] [ PARAM ] array (
)
[ info ] [ DB ] INIT mysql
[ info ] [ RUN ] app\index\controller\User->captcha[ D:\phpStudy\PHPTutorial\WWW\php34\shop\application\index\controller\User.php ]
[ info ] [ SESSION ] INIT array (
  'id' => '',
  'var_session_id' => '',
  'prefix' => 'think',
  'type' => '',
  'auto_start' => true,
)
[ info ] [ LOG ] INIT File
[ sql ] [ DB ] CONNECT:[ UseTime:0.011416s ] mysql:host=127.0.0.1;port=3306;dbname=shop34;charset=utf8
[ sql ] [ SQL ] SHOW COLUMNS FROM `shop_category` [ RunTime:0.023530s ]
[ sql ] [ SQL ] SELECT * FROM `shop_category` [ RunTime:0.000499s ]
---------------------------------------------------------------
[ 2019-06-27T23:21:38+08:00 ] 127.0.0.1 127.0.0.1 POST /index/user/login.html
[ info ] shop34.com/index/user/login.html [运行时间：0.517603s][吞吐率：1.93req/s] [内存消耗：2,448.56kb] [文件加载：63]
[ info ] [ LANG ] D:\phpStudy\PHPTutorial\WWW\php34\shop\thinkphp\lang\zh-cn.php
[ info ] [ ROUTE ] array (
  'type' => 'module',
  'module' => 
  array (
    0 => 'index',
    1 => 'user',
    2 => 'login',
  ),
)
[ info ] [ HEADER ] array (
  'cookie' => 'thinkphp_show_page_trace=0|0; pgv_pvi=5544160256; admin_info=think%3A%7B%22id%22%3A%221%22%2C%22username%22%3A%22admin%22%2C%22password%22%3A%2221232f297a57a5a743894a0e4a801fc3%22%2C%22role_id%22%3A%221%22%7D; PHPSESSID=plq5vkt9m2273uppbv6rsbikr4',
  'accept-language' => 'zh-CN,zh;q=0.9',
  'accept-encoding' => 'gzip, deflate',
  'referer' => 'http://shop34.com/index/user/login.html',
  'accept' => 'text/html,application/xhtml+xml,application/xml;q=0.9,image/webp,image/apng,*/*;q=0.8,application/signed-exchange;v=b3',
  'user-agent' => 'Mozilla/5.0 (Windows NT 10.0; Win64; x64) AppleWebKit/537.36 (KHTML, like Gecko) Chrome/75.0.3770.100 Safari/537.36',
  'content-type' => 'application/x-www-form-urlencoded',
  'upgrade-insecure-requests' => '1',
  'origin' => 'http://shop34.com',
  'cache-control' => 'max-age=0',
  'content-length' => '171',
  'connection' => 'close',
  'host' => 'shop34.com',
)
[ info ] [ PARAM ] array (
  'username' => '天河吉山一条街，打听打听谁是爹',
  'password' => 'admin',
  'captcha' => '801',
)
[ info ] [ DB ] INIT mysql
[ info ] [ RUN ] app\index\controller\User->login[ D:\phpStudy\PHPTutorial\WWW\php34\shop\application\index\controller\User.php ]
[ info ] [ SESSION ] INIT array (
  'id' => '',
  'var_session_id' => '',
  'prefix' => 'think',
  'type' => '',
  'auto_start' => true,
)
[ info ] [ LOG ] INIT File
[ sql ] [ DB ] CONNECT:[ UseTime:0.011208s ] mysql:host=127.0.0.1;port=3306;dbname=shop34;charset=utf8
[ sql ] [ SQL ] SHOW COLUMNS FROM `shop_category` [ RunTime:0.049143s ]
[ sql ] [ SQL ] SELECT * FROM `shop_category` [ RunTime:0.000669s ]
[ sql ] [ SQL ] SHOW COLUMNS FROM `shop_user` [ RunTime:0.107867s ]
[ sql ] [ SQL ] SELECT * FROM `shop_user` WHERE  `username` = '天河吉山一条街，打听打听谁是爹' LIMIT 1 [ RunTime:0.040834s ]
[ error ] [2]Invalid argument supplied for foreach()[D:\phpStudy\PHPTutorial\WWW\php34\shop\application\index\model\Cart.php:18]
---------------------------------------------------------------
[ 2019-06-27T23:23:12+08:00 ] 127.0.0.1 127.0.0.1 POST /index/user/login.html
[ info ] shop34.com/index/user/login.html [运行时间：0.118602s][吞吐率：8.43req/s] [内存消耗：2,449.96kb] [文件加载：63]
[ info ] [ LANG ] D:\phpStudy\PHPTutorial\WWW\php34\shop\thinkphp\lang\zh-cn.php
[ info ] [ ROUTE ] array (
  'type' => 'module',
  'module' => 
  array (
    0 => 'index',
    1 => 'user',
    2 => 'login',
  ),
)
[ info ] [ HEADER ] array (
  'cookie' => 'thinkphp_show_page_trace=0|0; pgv_pvi=5544160256; admin_info=think%3A%7B%22id%22%3A%221%22%2C%22username%22%3A%22admin%22%2C%22password%22%3A%2221232f297a57a5a743894a0e4a801fc3%22%2C%22role_id%22%3A%221%22%7D; PHPSESSID=plq5vkt9m2273uppbv6rsbikr4',
  'accept-language' => 'zh-CN,zh;q=0.9',
  'accept-encoding' => 'gzip, deflate',
  'referer' => 'http://shop34.com/index/user/login.html',
  'accept' => 'text/html,application/xhtml+xml,application/xml;q=0.9,image/webp,image/apng,*/*;q=0.8,application/signed-exchange;v=b3',
  'content-type' => 'application/x-www-form-urlencoded',
  'origin' => 'http://shop34.com',
  'user-agent' => 'Mozilla/5.0 (Windows NT 10.0; Win64; x64) AppleWebKit/537.36 (KHTML, like Gecko) Chrome/75.0.3770.100 Safari/537.36',
  'upgrade-insecure-requests' => '1',
  'cache-control' => 'max-age=0',
  'content-length' => '171',
  'connection' => 'close',
  'host' => 'shop34.com',
)
[ info ] [ PARAM ] array (
  'username' => '天河吉山一条街，打听打听谁是爹',
  'password' => 'admin',
  'captcha' => '801',
)
[ info ] [ DB ] INIT mysql
[ info ] [ RUN ] app\index\controller\User->login[ D:\phpStudy\PHPTutorial\WWW\php34\shop\application\index\controller\User.php ]
[ info ] [ SESSION ] INIT array (
  'id' => '',
  'var_session_id' => '',
  'prefix' => 'think',
  'type' => '',
  'auto_start' => true,
)
[ info ] [ LOG ] INIT File
[ sql ] [ DB ] CONNECT:[ UseTime:0.011309s ] mysql:host=127.0.0.1;port=3306;dbname=shop34;charset=utf8
[ sql ] [ SQL ] SHOW COLUMNS FROM `shop_category` [ RunTime:0.027119s ]
[ sql ] [ SQL ] SELECT * FROM `shop_category` [ RunTime:0.000613s ]
[ sql ] [ SQL ] SHOW COLUMNS FROM `shop_user` [ RunTime:0.023989s ]
[ sql ] [ SQL ] SELECT * FROM `shop_user` WHERE  `username` = '天河吉山一条街，打听打听谁是爹' LIMIT 1 [ RunTime:0.000538s ]
[ error ] [2]Invalid argument supplied for foreach()[D:\phpStudy\PHPTutorial\WWW\php34\shop\application\index\model\Cart.php:19]
---------------------------------------------------------------
[ 2019-06-27T23:23:14+08:00 ] 127.0.0.1 127.0.0.1 GET /index/user/captcha.html
[ info ] shop34.com/index/user/captcha.html [运行时间：0.145763s][吞吐率：6.86req/s] [内存消耗：2,385.73kb] [文件加载：56]
[ info ] [ LANG ] D:\phpStudy\PHPTutorial\WWW\php34\shop\thinkphp\lang\zh-cn.php
[ info ] [ ROUTE ] array (
  'type' => 'module',
  'module' => 
  array (
    0 => 'index',
    1 => 'user',
    2 => 'captcha',
  ),
)
[ info ] [ HEADER ] array (
  'cookie' => 'thinkphp_show_page_trace=0|0; pgv_pvi=5544160256; admin_info=think%3A%7B%22id%22%3A%221%22%2C%22username%22%3A%22admin%22%2C%22password%22%3A%2221232f297a57a5a743894a0e4a801fc3%22%2C%22role_id%22%3A%221%22%7D; PHPSESSID=plq5vkt9m2273uppbv6rsbikr4',
  'accept-language' => 'zh-CN,zh;q=0.9',
  'accept-encoding' => 'gzip, deflate',
  'referer' => 'http://shop34.com/index/user/login.html',
  'accept' => 'image/webp,image/apng,image/*,*/*;q=0.8',
  'user-agent' => 'Mozilla/5.0 (Windows NT 10.0; Win64; x64) AppleWebKit/537.36 (KHTML, like Gecko) Chrome/75.0.3770.100 Safari/537.36',
  'connection' => 'close',
  'host' => 'shop34.com',
)
[ info ] [ PARAM ] array (
)
[ info ] [ DB ] INIT mysql
[ info ] [ RUN ] app\index\controller\User->captcha[ D:\phpStudy\PHPTutorial\WWW\php34\shop\application\index\controller\User.php ]
[ info ] [ SESSION ] INIT array (
  'id' => '',
  'var_session_id' => '',
  'prefix' => 'think',
  'type' => '',
  'auto_start' => true,
)
[ info ] [ LOG ] INIT File
[ sql ] [ DB ] CONNECT:[ UseTime:0.002602s ] mysql:host=127.0.0.1;port=3306;dbname=shop34;charset=utf8
[ sql ] [ SQL ] SHOW COLUMNS FROM `shop_category` [ RunTime:0.027307s ]
[ sql ] [ SQL ] SELECT * FROM `shop_category` [ RunTime:0.000493s ]
---------------------------------------------------------------
[ 2019-06-27T23:23:15+08:00 ] 127.0.0.1 127.0.0.1 GET /index/user/login.html
[ info ] shop34.com/index/user/login.html [运行时间：0.095350s][吞吐率：10.49req/s] [内存消耗：2,224.10kb] [文件加载：57]
[ info ] [ LANG ] D:\phpStudy\PHPTutorial\WWW\php34\shop\thinkphp\lang\zh-cn.php
[ info ] [ ROUTE ] array (
  'type' => 'module',
  'module' => 
  array (
    0 => 'index',
    1 => 'user',
    2 => 'login',
  ),
)
[ info ] [ HEADER ] array (
  'cookie' => 'thinkphp_show_page_trace=0|0; pgv_pvi=5544160256; admin_info=think%3A%7B%22id%22%3A%221%22%2C%22username%22%3A%22admin%22%2C%22password%22%3A%2221232f297a57a5a743894a0e4a801fc3%22%2C%22role_id%22%3A%221%22%7D; PHPSESSID=plq5vkt9m2273uppbv6rsbikr4',
  'accept-language' => 'zh-CN,zh;q=0.9',
  'accept-encoding' => 'gzip, deflate',
  'referer' => 'http://shop34.com/index/cart/index.html',
  'accept' => 'text/html,application/xhtml+xml,application/xml;q=0.9,image/webp,image/apng,*/*;q=0.8,application/signed-exchange;v=b3',
  'user-agent' => 'Mozilla/5.0 (Windows NT 10.0; Win64; x64) AppleWebKit/537.36 (KHTML, like Gecko) Chrome/75.0.3770.100 Safari/537.36',
  'upgrade-insecure-requests' => '1',
  'cache-control' => 'max-age=0',
  'connection' => 'close',
  'host' => 'shop34.com',
)
[ info ] [ PARAM ] array (
)
[ info ] [ DB ] INIT mysql
[ info ] [ RUN ] app\index\controller\User->login[ D:\phpStudy\PHPTutorial\WWW\php34\shop\application\index\controller\User.php ]
[ info ] [ VIEW ] D:\phpStudy\PHPTutorial\WWW\php34\shop\public/../application/index\view\user\login.html [ array (
  0 => 'category',
) ]
[ info ] [ LOG ] INIT File
[ sql ] [ DB ] CONNECT:[ UseTime:0.010509s ] mysql:host=127.0.0.1;port=3306;dbname=shop34;charset=utf8
[ sql ] [ SQL ] SHOW COLUMNS FROM `shop_category` [ RunTime:0.025356s ]
[ sql ] [ SQL ] SELECT * FROM `shop_category` [ RunTime:0.000498s ]
---------------------------------------------------------------
[ 2019-06-27T23:23:15+08:00 ] 127.0.0.1 127.0.0.1 GET /index/user/captcha.html
[ info ] shop34.com/index/user/captcha.html [运行时间：0.154018s][吞吐率：6.49req/s] [内存消耗：2,385.73kb] [文件加载：56]
[ info ] [ LANG ] D:\phpStudy\PHPTutorial\WWW\php34\shop\thinkphp\lang\zh-cn.php
[ info ] [ ROUTE ] array (
  'type' => 'module',
  'module' => 
  array (
    0 => 'index',
    1 => 'user',
    2 => 'captcha',
  ),
)
[ info ] [ HEADER ] array (
  'cookie' => 'thinkphp_show_page_trace=0|0; pgv_pvi=5544160256; admin_info=think%3A%7B%22id%22%3A%221%22%2C%22username%22%3A%22admin%22%2C%22password%22%3A%2221232f297a57a5a743894a0e4a801fc3%22%2C%22role_id%22%3A%221%22%7D; PHPSESSID=plq5vkt9m2273uppbv6rsbikr4',
  'accept-language' => 'zh-CN,zh;q=0.9',
  'accept-encoding' => 'gzip, deflate',
  'referer' => 'http://shop34.com/index/user/login.html',
  'accept' => 'image/webp,image/apng,image/*,*/*;q=0.8',
  'user-agent' => 'Mozilla/5.0 (Windows NT 10.0; Win64; x64) AppleWebKit/537.36 (KHTML, like Gecko) Chrome/75.0.3770.100 Safari/537.36',
  'connection' => 'close',
  'host' => 'shop34.com',
)
[ info ] [ PARAM ] array (
)
[ info ] [ DB ] INIT mysql
[ info ] [ RUN ] app\index\controller\User->captcha[ D:\phpStudy\PHPTutorial\WWW\php34\shop\application\index\controller\User.php ]
[ info ] [ SESSION ] INIT array (
  'id' => '',
  'var_session_id' => '',
  'prefix' => 'think',
  'type' => '',
  'auto_start' => true,
)
[ info ] [ LOG ] INIT File
[ sql ] [ DB ] CONNECT:[ UseTime:0.010665s ] mysql:host=127.0.0.1;port=3306;dbname=shop34;charset=utf8
[ sql ] [ SQL ] SHOW COLUMNS FROM `shop_category` [ RunTime:0.014111s ]
[ sql ] [ SQL ] SELECT * FROM `shop_category` [ RunTime:0.000473s ]
---------------------------------------------------------------
[ 2019-06-27T23:23:27+08:00 ] 127.0.0.1 127.0.0.1 POST /index/user/login.html
[ info ] shop34.com/index/user/login.html [运行时间：0.135798s][吞吐率：7.36req/s] [内存消耗：2,449.96kb] [文件加载：63]
[ info ] [ LANG ] D:\phpStudy\PHPTutorial\WWW\php34\shop\thinkphp\lang\zh-cn.php
[ info ] [ ROUTE ] array (
  'type' => 'module',
  'module' => 
  array (
    0 => 'index',
    1 => 'user',
    2 => 'login',
  ),
)
[ info ] [ HEADER ] array (
  'cookie' => 'thinkphp_show_page_trace=0|0; pgv_pvi=5544160256; admin_info=think%3A%7B%22id%22%3A%221%22%2C%22username%22%3A%22admin%22%2C%22password%22%3A%2221232f297a57a5a743894a0e4a801fc3%22%2C%22role_id%22%3A%221%22%7D; PHPSESSID=plq5vkt9m2273uppbv6rsbikr4',
  'accept-language' => 'zh-CN,zh;q=0.9',
  'accept-encoding' => 'gzip, deflate',
  'referer' => 'http://shop34.com/index/user/login.html',
  'accept' => 'text/html,application/xhtml+xml,application/xml;q=0.9,image/webp,image/apng,*/*;q=0.8,application/signed-exchange;v=b3',
  'user-agent' => 'Mozilla/5.0 (Windows NT 10.0; Win64; x64) AppleWebKit/537.36 (KHTML, like Gecko) Chrome/75.0.3770.100 Safari/537.36',
  'content-type' => 'application/x-www-form-urlencoded',
  'upgrade-insecure-requests' => '1',
  'origin' => 'http://shop34.com',
  'cache-control' => 'max-age=0',
  'content-length' => '171',
  'connection' => 'close',
  'host' => 'shop34.com',
)
[ info ] [ PARAM ] array (
  'username' => '天河吉山一条街，打听打听谁是爹',
  'password' => 'admin',
  'captcha' => '866',
)
[ info ] [ DB ] INIT mysql
[ info ] [ RUN ] app\index\controller\User->login[ D:\phpStudy\PHPTutorial\WWW\php34\shop\application\index\controller\User.php ]
[ info ] [ SESSION ] INIT array (
  'id' => '',
  'var_session_id' => '',
  'prefix' => 'think',
  'type' => '',
  'auto_start' => true,
)
[ info ] [ LOG ] INIT File
[ sql ] [ DB ] CONNECT:[ UseTime:0.011196s ] mysql:host=127.0.0.1;port=3306;dbname=shop34;charset=utf8
[ sql ] [ SQL ] SHOW COLUMNS FROM `shop_category` [ RunTime:0.033607s ]
[ sql ] [ SQL ] SELECT * FROM `shop_category` [ RunTime:0.000418s ]
[ sql ] [ SQL ] SHOW COLUMNS FROM `shop_user` [ RunTime:0.032212s ]
[ sql ] [ SQL ] SELECT * FROM `shop_user` WHERE  `username` = '天河吉山一条街，打听打听谁是爹' LIMIT 1 [ RunTime:0.000517s ]
[ error ] [2]Invalid argument supplied for foreach()[D:\phpStudy\PHPTutorial\WWW\php34\shop\application\index\model\Cart.php:19]
---------------------------------------------------------------
[ 2019-06-27T23:23:37+08:00 ] 127.0.0.1 127.0.0.1 POST /index/user/login.html
[ info ] shop34.com/index/user/login.html [运行时间：0.110488s][吞吐率：9.05req/s] [内存消耗：2,476.88kb] [文件加载：62]
[ info ] [ LANG ] D:\phpStudy\PHPTutorial\WWW\php34\shop\thinkphp\lang\zh-cn.php
[ info ] [ ROUTE ] array (
  'type' => 'module',
  'module' => 
  array (
    0 => 'index',
    1 => 'user',
    2 => 'login',
  ),
)
[ info ] [ HEADER ] array (
  'cookie' => 'thinkphp_show_page_trace=0|0; pgv_pvi=5544160256; admin_info=think%3A%7B%22id%22%3A%221%22%2C%22username%22%3A%22admin%22%2C%22password%22%3A%2221232f297a57a5a743894a0e4a801fc3%22%2C%22role_id%22%3A%221%22%7D; PHPSESSID=plq5vkt9m2273uppbv6rsbikr4',
  'accept-language' => 'zh-CN,zh;q=0.9',
  'accept-encoding' => 'gzip, deflate',
  'referer' => 'http://shop34.com/index/user/login.html',
  'accept' => 'text/html,application/xhtml+xml,application/xml;q=0.9,image/webp,image/apng,*/*;q=0.8,application/signed-exchange;v=b3',
  'content-type' => 'application/x-www-form-urlencoded',
  'origin' => 'http://shop34.com',
  'user-agent' => 'Mozilla/5.0 (Windows NT 10.0; Win64; x64) AppleWebKit/537.36 (KHTML, like Gecko) Chrome/75.0.3770.100 Safari/537.36',
  'upgrade-insecure-requests' => '1',
  'cache-control' => 'max-age=0',
  'content-length' => '171',
  'connection' => 'close',
  'host' => 'shop34.com',
)
[ info ] [ PARAM ] array (
  'username' => '天河吉山一条街，打听打听谁是爹',
  'password' => 'admin',
  'captcha' => '866',
)
[ info ] [ DB ] INIT mysql
[ info ] [ RUN ] app\index\controller\User->login[ D:\phpStudy\PHPTutorial\WWW\php34\shop\application\index\controller\User.php ]
[ info ] [ SESSION ] INIT array (
  'id' => '',
  'var_session_id' => '',
  'prefix' => 'think',
  'type' => '',
  'auto_start' => true,
)
[ info ] [ VIEW ] D:\phpStudy\PHPTutorial\WWW\php34\shop\thinkphp\tpl\dispatch_jump.tpl [ array (
  0 => 'category',
  1 => 'code',
  2 => 'msg',
  3 => 'data',
  4 => 'url',
  5 => 'wait',
) ]
[ info ] [ LOG ] INIT File
[ sql ] [ DB ] CONNECT:[ UseTime:0.011849s ] mysql:host=127.0.0.1;port=3306;dbname=shop34;charset=utf8
[ sql ] [ SQL ] SHOW COLUMNS FROM `shop_category` [ RunTime:0.024252s ]
[ sql ] [ SQL ] SELECT * FROM `shop_category` [ RunTime:0.000509s ]
[ sql ] [ SQL ] SHOW COLUMNS FROM `shop_user` [ RunTime:0.019941s ]
[ sql ] [ SQL ] SELECT * FROM `shop_user` WHERE  `username` = '天河吉山一条街，打听打听谁是爹' LIMIT 1 [ RunTime:0.000581s ]
---------------------------------------------------------------
[ 2019-06-27T23:23:38+08:00 ] 127.0.0.1 127.0.0.1 GET /index/index/index.html
[ info ] shop34.com/index/index/index.html [运行时间：0.289134s][吞吐率：3.46req/s] [内存消耗：2,528.09kb] [文件加载：60]
[ info ] [ LANG ] D:\phpStudy\PHPTutorial\WWW\php34\shop\thinkphp\lang\zh-cn.php
[ info ] [ ROUTE ] array (
  'type' => 'module',
  'module' => 
  array (
    0 => 'index',
    1 => 'index',
    2 => 'index',
  ),
)
[ info ] [ HEADER ] array (
  'cookie' => 'pgv_pvi=5544160256; admin_info=think%3A%7B%22id%22%3A%221%22%2C%22username%22%3A%22admin%22%2C%22password%22%3A%2221232f297a57a5a743894a0e4a801fc3%22%2C%22role_id%22%3A%221%22%7D; PHPSESSID=plq5vkt9m2273uppbv6rsbikr4',
  'accept-language' => 'zh-CN,zh;q=0.9',
  'accept-encoding' => 'gzip, deflate',
  'referer' => 'http://shop34.com/index/user/login.html',
  'accept' => 'text/html,application/xhtml+xml,application/xml;q=0.9,image/webp,image/apng,*/*;q=0.8,application/signed-exchange;v=b3',
  'user-agent' => 'Mozilla/5.0 (Windows NT 10.0; Win64; x64) AppleWebKit/537.36 (KHTML, like Gecko) Chrome/75.0.3770.100 Safari/537.36',
  'upgrade-insecure-requests' => '1',
  'connection' => 'close',
  'host' => 'shop34.com',
)
[ info ] [ PARAM ] array (
)
[ info ] [ DB ] INIT mysql
[ info ] [ RUN ] app\index\controller\Index->index[ D:\phpStudy\PHPTutorial\WWW\php34\shop\application\index\controller\Index.php ]
[ info ] [ VIEW ] D:\phpStudy\PHPTutorial\WWW\php34\shop\public/../application/index\view\index\index.html [ array (
  0 => 'category',
  1 => 'is_show',
  2 => 'goods',
) ]
[ info ] [ SESSION ] INIT array (
  'id' => '',
  'var_session_id' => '',
  'prefix' => 'think',
  'type' => '',
  'auto_start' => true,
)
[ info ] [ LOG ] INIT File
[ sql ] [ DB ] CONNECT:[ UseTime:0.011573s ] mysql:host=127.0.0.1;port=3306;dbname=shop34;charset=utf8
[ sql ] [ SQL ] SHOW COLUMNS FROM `shop_category` [ RunTime:0.024762s ]
[ sql ] [ SQL ] SELECT * FROM `shop_category` [ RunTime:0.000599s ]
[ sql ] [ SQL ] SHOW COLUMNS FROM `shop_goods` [ RunTime:0.180098s ]
[ sql ] [ SQL ] SELECT * FROM `shop_goods` WHERE  `is_hot` = 1 LIMIT 5 [ RunTime:0.001353s ]
[ sql ] [ SQL ] SELECT * FROM `shop_goods` WHERE  `is_rec` = 1 LIMIT 5 [ RunTime:0.001120s ]
[ sql ] [ SQL ] SELECT * FROM `shop_goods` WHERE  `is_new` = 1 LIMIT 5 [ RunTime:0.001085s ]
---------------------------------------------------------------
[ 2019-06-27T23:23:41+08:00 ] 127.0.0.1 127.0.0.1 GET /index/cart/index.html
[ info ] shop34.com/index/cart/index.html [运行时间：0.431866s][吞吐率：2.32req/s] [内存消耗：2,492.97kb] [文件加载：60]
[ info ] [ LANG ] D:\phpStudy\PHPTutorial\WWW\php34\shop\thinkphp\lang\zh-cn.php
[ info ] [ ROUTE ] array (
  'type' => 'module',
  'module' => 
  array (
    0 => 'index',
    1 => 'cart',
    2 => 'index',
  ),
)
[ info ] [ HEADER ] array (
  'cookie' => 'thinkphp_show_page_trace=0|0; pgv_pvi=5544160256; admin_info=think%3A%7B%22id%22%3A%221%22%2C%22username%22%3A%22admin%22%2C%22password%22%3A%2221232f297a57a5a743894a0e4a801fc3%22%2C%22role_id%22%3A%221%22%7D; PHPSESSID=plq5vkt9m2273uppbv6rsbikr4',
  'accept-language' => 'zh-CN,zh;q=0.9',
  'accept-encoding' => 'gzip, deflate',
  'referer' => 'http://shop34.com/index/index/index.html',
  'accept' => 'text/html,application/xhtml+xml,application/xml;q=0.9,image/webp,image/apng,*/*;q=0.8,application/signed-exchange;v=b3',
  'user-agent' => 'Mozilla/5.0 (Windows NT 10.0; Win64; x64) AppleWebKit/537.36 (KHTML, like Gecko) Chrome/75.0.3770.100 Safari/537.36',
  'upgrade-insecure-requests' => '1',
  'connection' => 'close',
  'host' => 'shop34.com',
)
[ info ] [ PARAM ] array (
)
[ info ] [ DB ] INIT mysql
[ info ] [ RUN ] app\index\controller\Cart->index[ D:\phpStudy\PHPTutorial\WWW\php34\shop\application\index\controller\Cart.php ]
[ info ] [ SESSION ] INIT array (
  'id' => '',
  'var_session_id' => '',
  'prefix' => 'think',
  'type' => '',
  'auto_start' => true,
)
[ info ] [ VIEW ] D:\phpStudy\PHPTutorial\WWW\php34\shop\public/../application/index\view\cart\index.html [ array (
  0 => 'category',
  1 => 'data',
  2 => 'total',
) ]
[ info ] [ LOG ] INIT File
[ sql ] [ DB ] CONNECT:[ UseTime:0.011043s ] mysql:host=127.0.0.1;port=3306;dbname=shop34;charset=utf8
[ sql ] [ SQL ] SHOW COLUMNS FROM `shop_category` [ RunTime:0.024539s ]
[ sql ] [ SQL ] SELECT * FROM `shop_category` [ RunTime:0.000521s ]
[ sql ] [ SQL ] SHOW COLUMNS FROM `shop_cart` [ RunTime:0.163086s ]
[ sql ] [ SQL ] SELECT * FROM `shop_cart` WHERE  `user_id` = 2 [ RunTime:0.001058s ]
[ sql ] [ SQL ] SHOW COLUMNS FROM `shop_goods` [ RunTime:0.027248s ]
[ sql ] [ SQL ] SELECT * FROM `shop_goods` WHERE  `id` = 8 LIMIT 1 [ RunTime:0.000639s ]
[ sql ] [ SQL ] SELECT a.attr_value,b.attr_name FROM shop_goods_attr a 
                LEFT JOIN shop_attribute b on a.attr_id = b.id WHERE a.id IN(84,81,79) [ RunTime:0.136189s ]
[ sql ] [ SQL ] SELECT * FROM `shop_goods` WHERE  `id` = 8 LIMIT 1 [ RunTime:0.000857s ]
[ sql ] [ SQL ] SELECT a.attr_value,b.attr_name FROM shop_goods_attr a 
                LEFT JOIN shop_attribute b on a.attr_id = b.id WHERE a.id IN(82,81,79) [ RunTime:0.000717s ]
[ sql ] [ SQL ] SELECT * FROM `shop_goods` WHERE  `id` = 52 LIMIT 1 [ RunTime:0.000736s ]
[ sql ] [ SQL ] SELECT a.attr_value,b.attr_name FROM shop_goods_attr a 
                LEFT JOIN shop_attribute b on a.attr_id = b.id WHERE a.id IN(85,86,87) [ RunTime:0.000654s ]
[ sql ] [ SQL ] SELECT * FROM `shop_goods` WHERE  `id` = 49 LIMIT 1 [ RunTime:0.000624s ]
[ sql ] [ SQL ] SELECT a.attr_value,b.attr_name FROM shop_goods_attr a 
                LEFT JOIN shop_attribute b on a.attr_id = b.id WHERE a.id IN(64,65,66) [ RunTime:0.000612s ]
[ sql ] [ SQL ] SELECT * FROM `shop_goods` WHERE  `id` = 51 LIMIT 1 [ RunTime:0.000611s ]
[ sql ] [ SQL ] SELECT a.attr_value,b.attr_name FROM shop_goods_attr a 
                LEFT JOIN shop_attribute b on a.attr_id = b.id WHERE a.id IN(71,72,73) [ RunTime:0.000638s ]
---------------------------------------------------------------
[ 2019-06-27T23:23:43+08:00 ] 127.0.0.1 127.0.0.1 GET /index/pay/check.html
[ info ] shop34.com/index/pay/check.html [运行时间：0.129850s][吞吐率：7.70req/s] [内存消耗：2,492.94kb] [文件加载：60]
[ info ] [ LANG ] D:\phpStudy\PHPTutorial\WWW\php34\shop\thinkphp\lang\zh-cn.php
[ info ] [ ROUTE ] array (
  'type' => 'module',
  'module' => 
  array (
    0 => 'index',
    1 => 'pay',
    2 => 'check',
  ),
)
[ info ] [ HEADER ] array (
  'cookie' => 'pgv_pvi=5544160256; admin_info=think%3A%7B%22id%22%3A%221%22%2C%22username%22%3A%22admin%22%2C%22password%22%3A%2221232f297a57a5a743894a0e4a801fc3%22%2C%22role_id%22%3A%221%22%7D; PHPSESSID=plq5vkt9m2273uppbv6rsbikr4',
  'accept-language' => 'zh-CN,zh;q=0.9',
  'accept-encoding' => 'gzip, deflate',
  'referer' => 'http://shop34.com/index/cart/index.html',
  'accept' => 'text/html,application/xhtml+xml,application/xml;q=0.9,image/webp,image/apng,*/*;q=0.8,application/signed-exchange;v=b3',
  'user-agent' => 'Mozilla/5.0 (Windows NT 10.0; Win64; x64) AppleWebKit/537.36 (KHTML, like Gecko) Chrome/75.0.3770.100 Safari/537.36',
  'upgrade-insecure-requests' => '1',
  'connection' => 'close',
  'host' => 'shop34.com',
)
[ info ] [ PARAM ] array (
)
[ info ] [ DB ] INIT mysql
[ info ] [ RUN ] app\index\controller\Pay->check[ D:\phpStudy\PHPTutorial\WWW\php34\shop\application\index\controller\Pay.php ]
[ info ] [ SESSION ] INIT array (
  'id' => '',
  'var_session_id' => '',
  'prefix' => 'think',
  'type' => '',
  'auto_start' => true,
)
[ info ] [ VIEW ] D:\phpStudy\PHPTutorial\WWW\php34\shop\public/../application/index\view\pay\check.html [ array (
  0 => 'category',
  1 => 'data',
  2 => 'total',
  3 => 'sum',
) ]
[ info ] [ LOG ] INIT File
[ sql ] [ DB ] CONNECT:[ UseTime:0.012256s ] mysql:host=127.0.0.1;port=3306;dbname=shop34;charset=utf8
[ sql ] [ SQL ] SHOW COLUMNS FROM `shop_category` [ RunTime:0.025004s ]
[ sql ] [ SQL ] SELECT * FROM `shop_category` [ RunTime:0.000438s ]
[ sql ] [ SQL ] SHOW COLUMNS FROM `shop_cart` [ RunTime:0.019922s ]
[ sql ] [ SQL ] SELECT * FROM `shop_cart` WHERE  `user_id` = 2 [ RunTime:0.000398s ]
[ sql ] [ SQL ] SHOW COLUMNS FROM `shop_goods` [ RunTime:0.018628s ]
[ sql ] [ SQL ] SELECT * FROM `shop_goods` WHERE  `id` = 8 LIMIT 1 [ RunTime:0.000428s ]
[ sql ] [ SQL ] SELECT a.attr_value,b.attr_name FROM shop_goods_attr a 
                LEFT JOIN shop_attribute b on a.attr_id = b.id WHERE a.id IN(84,81,79) [ RunTime:0.000419s ]
[ sql ] [ SQL ] SELECT * FROM `shop_goods` WHERE  `id` = 8 LIMIT 1 [ RunTime:0.000335s ]
[ sql ] [ SQL ] SELECT a.attr_value,b.attr_name FROM shop_goods_attr a 
                LEFT JOIN shop_attribute b on a.attr_id = b.id WHERE a.id IN(82,81,79) [ RunTime:0.000319s ]
[ sql ] [ SQL ] SELECT * FROM `shop_goods` WHERE  `id` = 52 LIMIT 1 [ RunTime:0.000419s ]
[ sql ] [ SQL ] SELECT a.attr_value,b.attr_name FROM shop_goods_attr a 
                LEFT JOIN shop_attribute b on a.attr_id = b.id WHERE a.id IN(85,86,87) [ RunTime:0.000247s ]
[ sql ] [ SQL ] SELECT * FROM `shop_goods` WHERE  `id` = 49 LIMIT 1 [ RunTime:0.000292s ]
[ sql ] [ SQL ] SELECT a.attr_value,b.attr_name FROM shop_goods_attr a 
                LEFT JOIN shop_attribute b on a.attr_id = b.id WHERE a.id IN(64,65,66) [ RunTime:0.000258s ]
[ sql ] [ SQL ] SELECT * FROM `shop_goods` WHERE  `id` = 51 LIMIT 1 [ RunTime:0.000369s ]
[ sql ] [ SQL ] SELECT a.attr_value,b.attr_name FROM shop_goods_attr a 
                LEFT JOIN shop_attribute b on a.attr_id = b.id WHERE a.id IN(71,72,73) [ RunTime:0.000214s ]
---------------------------------------------------------------
[ 2019-06-27T23:23:53+08:00 ] 127.0.0.1 127.0.0.1 GET /index/pay/check.html
[ info ] shop34.com/index/pay/check.html [运行时间：0.195355s][吞吐率：5.12req/s] [内存消耗：2,493.13kb] [文件加载：60]
[ info ] [ LANG ] D:\phpStudy\PHPTutorial\WWW\php34\shop\thinkphp\lang\zh-cn.php
[ info ] [ ROUTE ] array (
  'type' => 'module',
  'module' => 
  array (
    0 => 'index',
    1 => 'pay',
    2 => 'check',
  ),
)
[ info ] [ HEADER ] array (
  'cookie' => 'thinkphp_show_page_trace=0|0; pgv_pvi=5544160256; admin_info=think%3A%7B%22id%22%3A%221%22%2C%22username%22%3A%22admin%22%2C%22password%22%3A%2221232f297a57a5a743894a0e4a801fc3%22%2C%22role_id%22%3A%221%22%7D; PHPSESSID=plq5vkt9m2273uppbv6rsbikr4',
  'accept-language' => 'zh-CN,zh;q=0.9',
  'accept-encoding' => 'gzip, deflate',
  'referer' => 'http://shop34.com/index/pay/check.html',
  'accept' => 'text/html,application/xhtml+xml,application/xml;q=0.9,image/webp,image/apng,*/*;q=0.8,application/signed-exchange;v=b3',
  'user-agent' => 'Mozilla/5.0 (Windows NT 10.0; Win64; x64) AppleWebKit/537.36 (KHTML, like Gecko) Chrome/75.0.3770.100 Safari/537.36',
  'upgrade-insecure-requests' => '1',
  'connection' => 'close',
  'host' => 'shop34.com',
)
[ info ] [ PARAM ] array (
)
[ info ] [ DB ] INIT mysql
[ info ] [ RUN ] app\index\controller\Pay->check[ D:\phpStudy\PHPTutorial\WWW\php34\shop\application\index\controller\Pay.php ]
[ info ] [ SESSION ] INIT array (
  'id' => '',
  'var_session_id' => '',
  'prefix' => 'think',
  'type' => '',
  'auto_start' => true,
)
[ info ] [ VIEW ] D:\phpStudy\PHPTutorial\WWW\php34\shop\public/../application/index\view\pay\check.html [ array (
  0 => 'category',
  1 => 'data',
  2 => 'total',
  3 => 'sum',
) ]
[ info ] [ LOG ] INIT File
[ sql ] [ DB ] CONNECT:[ UseTime:0.011224s ] mysql:host=127.0.0.1;port=3306;dbname=shop34;charset=utf8
[ sql ] [ SQL ] SHOW COLUMNS FROM `shop_category` [ RunTime:0.084929s ]
[ sql ] [ SQL ] SELECT * FROM `shop_category` [ RunTime:0.000466s ]
[ sql ] [ SQL ] SHOW COLUMNS FROM `shop_cart` [ RunTime:0.020923s ]
[ sql ] [ SQL ] SELECT * FROM `shop_cart` WHERE  `user_id` = 2 [ RunTime:0.000462s ]
[ sql ] [ SQL ] SHOW COLUMNS FROM `shop_goods` [ RunTime:0.022093s ]
[ sql ] [ SQL ] SELECT * FROM `shop_goods` WHERE  `id` = 8 LIMIT 1 [ RunTime:0.000584s ]
[ sql ] [ SQL ] SELECT a.attr_value,b.attr_name FROM shop_goods_attr a 
                LEFT JOIN shop_attribute b on a.attr_id = b.id WHERE a.id IN(84,81,79) [ RunTime:0.000391s ]
[ sql ] [ SQL ] SELECT * FROM `shop_goods` WHERE  `id` = 8 LIMIT 1 [ RunTime:0.000409s ]
[ sql ] [ SQL ] SELECT a.attr_value,b.attr_name FROM shop_goods_attr a 
                LEFT JOIN shop_attribute b on a.attr_id = b.id WHERE a.id IN(82,81,79) [ RunTime:0.000396s ]
[ sql ] [ SQL ] SELECT * FROM `shop_goods` WHERE  `id` = 52 LIMIT 1 [ RunTime:0.000428s ]
[ sql ] [ SQL ] SELECT a.attr_value,b.attr_name FROM shop_goods_attr a 
                LEFT JOIN shop_attribute b on a.attr_id = b.id WHERE a.id IN(85,86,87) [ RunTime:0.000397s ]
[ sql ] [ SQL ] SELECT * FROM `shop_goods` WHERE  `id` = 49 LIMIT 1 [ RunTime:0.000432s ]
[ sql ] [ SQL ] SELECT a.attr_value,b.attr_name FROM shop_goods_attr a 
                LEFT JOIN shop_attribute b on a.attr_id = b.id WHERE a.id IN(64,65,66) [ RunTime:0.000426s ]
[ sql ] [ SQL ] SELECT * FROM `shop_goods` WHERE  `id` = 51 LIMIT 1 [ RunTime:0.000460s ]
[ sql ] [ SQL ] SELECT a.attr_value,b.attr_name FROM shop_goods_attr a 
                LEFT JOIN shop_attribute b on a.attr_id = b.id WHERE a.id IN(71,72,73) [ RunTime:0.000390s ]
---------------------------------------------------------------
[ 2019-06-27T23:24:31+08:00 ] 127.0.0.1 127.0.0.1 GET /index/pay/check.html
[ info ] shop34.com/index/pay/check.html [运行时间：0.139548s][吞吐率：7.17req/s] [内存消耗：2,493.80kb] [文件加载：60]
[ info ] [ LANG ] D:\phpStudy\PHPTutorial\WWW\php34\shop\thinkphp\lang\zh-cn.php
[ info ] [ ROUTE ] array (
  'type' => 'module',
  'module' => 
  array (
    0 => 'index',
    1 => 'pay',
    2 => 'check',
  ),
)
[ info ] [ HEADER ] array (
  'cookie' => 'thinkphp_show_page_trace=0|0; pgv_pvi=5544160256; admin_info=think%3A%7B%22id%22%3A%221%22%2C%22username%22%3A%22admin%22%2C%22password%22%3A%2221232f297a57a5a743894a0e4a801fc3%22%2C%22role_id%22%3A%221%22%7D; PHPSESSID=plq5vkt9m2273uppbv6rsbikr4',
  'accept-language' => 'zh-CN,zh;q=0.9',
  'accept-encoding' => 'gzip, deflate',
  'referer' => 'http://shop34.com/index/pay/check.html',
  'accept' => 'text/html,application/xhtml+xml,application/xml;q=0.9,image/webp,image/apng,*/*;q=0.8,application/signed-exchange;v=b3',
  'user-agent' => 'Mozilla/5.0 (Windows NT 10.0; Win64; x64) AppleWebKit/537.36 (KHTML, like Gecko) Chrome/75.0.3770.100 Safari/537.36',
  'upgrade-insecure-requests' => '1',
  'cache-control' => 'max-age=0',
  'connection' => 'close',
  'host' => 'shop34.com',
)
[ info ] [ PARAM ] array (
)
[ info ] [ DB ] INIT mysql
[ info ] [ RUN ] app\index\controller\Pay->check[ D:\phpStudy\PHPTutorial\WWW\php34\shop\application\index\controller\Pay.php ]
[ info ] [ SESSION ] INIT array (
  'id' => '',
  'var_session_id' => '',
  'prefix' => 'think',
  'type' => '',
  'auto_start' => true,
)
[ info ] [ VIEW ] D:\phpStudy\PHPTutorial\WWW\php34\shop\public/../application/index\view\pay\check.html [ array (
  0 => 'category',
  1 => 'data',
  2 => 'total',
  3 => 'sum',
) ]
[ info ] [ LOG ] INIT File
[ sql ] [ DB ] CONNECT:[ UseTime:0.011197s ] mysql:host=127.0.0.1;port=3306;dbname=shop34;charset=utf8
[ sql ] [ SQL ] SHOW COLUMNS FROM `shop_category` [ RunTime:0.023767s ]
[ sql ] [ SQL ] SELECT * FROM `shop_category` [ RunTime:0.000462s ]
[ sql ] [ SQL ] SHOW COLUMNS FROM `shop_cart` [ RunTime:0.018481s ]
[ sql ] [ SQL ] SELECT * FROM `shop_cart` WHERE  `user_id` = 2 [ RunTime:0.000507s ]
[ sql ] [ SQL ] SHOW COLUMNS FROM `shop_goods` [ RunTime:0.019153s ]
[ sql ] [ SQL ] SELECT * FROM `shop_goods` WHERE  `id` = 8 LIMIT 1 [ RunTime:0.000493s ]
[ sql ] [ SQL ] SELECT a.attr_value,b.attr_name FROM shop_goods_attr a 
                LEFT JOIN shop_attribute b on a.attr_id = b.id WHERE a.id IN(84,81,79) [ RunTime:0.000403s ]
[ sql ] [ SQL ] SELECT * FROM `shop_goods` WHERE  `id` = 8 LIMIT 1 [ RunTime:0.000444s ]
[ sql ] [ SQL ] SELECT a.attr_value,b.attr_name FROM shop_goods_attr a 
                LEFT JOIN shop_attribute b on a.attr_id = b.id WHERE a.id IN(82,81,79) [ RunTime:0.000544s ]
[ sql ] [ SQL ] SELECT * FROM `shop_goods` WHERE  `id` = 52 LIMIT 1 [ RunTime:0.000455s ]
[ sql ] [ SQL ] SELECT a.attr_value,b.attr_name FROM shop_goods_attr a 
                LEFT JOIN shop_attribute b on a.attr_id = b.id WHERE a.id IN(85,86,87) [ RunTime:0.000409s ]
[ sql ] [ SQL ] SELECT * FROM `shop_goods` WHERE  `id` = 49 LIMIT 1 [ RunTime:0.000493s ]
[ sql ] [ SQL ] SELECT a.attr_value,b.attr_name FROM shop_goods_attr a 
                LEFT JOIN shop_attribute b on a.attr_id = b.id WHERE a.id IN(64,65,66) [ RunTime:0.000471s ]
[ sql ] [ SQL ] SELECT * FROM `shop_goods` WHERE  `id` = 51 LIMIT 1 [ RunTime:0.000450s ]
[ sql ] [ SQL ] SELECT a.attr_value,b.attr_name FROM shop_goods_attr a 
                LEFT JOIN shop_attribute b on a.attr_id = b.id WHERE a.id IN(71,72,73) [ RunTime:0.000612s ]
---------------------------------------------------------------
[ 2019-06-27T23:24:31+08:00 ] 127.0.0.1 127.0.0.1 GET /index/pay/check.html
[ info ] shop34.com/index/pay/check.html [运行时间：0.144782s][吞吐率：6.91req/s] [内存消耗：2,493.80kb] [文件加载：60]
[ info ] [ LANG ] D:\phpStudy\PHPTutorial\WWW\php34\shop\thinkphp\lang\zh-cn.php
[ info ] [ ROUTE ] array (
  'type' => 'module',
  'module' => 
  array (
    0 => 'index',
    1 => 'pay',
    2 => 'check',
  ),
)
[ info ] [ HEADER ] array (
  'cookie' => 'thinkphp_show_page_trace=0|0; pgv_pvi=5544160256; admin_info=think%3A%7B%22id%22%3A%221%22%2C%22username%22%3A%22admin%22%2C%22password%22%3A%2221232f297a57a5a743894a0e4a801fc3%22%2C%22role_id%22%3A%221%22%7D; PHPSESSID=plq5vkt9m2273uppbv6rsbikr4',
  'accept-language' => 'zh-CN,zh;q=0.9',
  'accept-encoding' => 'gzip, deflate',
  'referer' => 'http://shop34.com/index/pay/check.html',
  'accept' => 'text/html,application/xhtml+xml,application/xml;q=0.9,image/webp,image/apng,*/*;q=0.8,application/signed-exchange;v=b3',
  'user-agent' => 'Mozilla/5.0 (Windows NT 10.0; Win64; x64) AppleWebKit/537.36 (KHTML, like Gecko) Chrome/75.0.3770.100 Safari/537.36',
  'upgrade-insecure-requests' => '1',
  'cache-control' => 'max-age=0',
  'connection' => 'close',
  'host' => 'shop34.com',
)
[ info ] [ PARAM ] array (
)
[ info ] [ DB ] INIT mysql
[ info ] [ RUN ] app\index\controller\Pay->check[ D:\phpStudy\PHPTutorial\WWW\php34\shop\application\index\controller\Pay.php ]
[ info ] [ SESSION ] INIT array (
  'id' => '',
  'var_session_id' => '',
  'prefix' => 'think',
  'type' => '',
  'auto_start' => true,
)
[ info ] [ VIEW ] D:\phpStudy\PHPTutorial\WWW\php34\shop\public/../application/index\view\pay\check.html [ array (
  0 => 'category',
  1 => 'data',
  2 => 'total',
  3 => 'sum',
) ]
[ info ] [ LOG ] INIT File
[ sql ] [ DB ] CONNECT:[ UseTime:0.011150s ] mysql:host=127.0.0.1;port=3306;dbname=shop34;charset=utf8
[ sql ] [ SQL ] SHOW COLUMNS FROM `shop_category` [ RunTime:0.025134s ]
[ sql ] [ SQL ] SELECT * FROM `shop_category` [ RunTime:0.000460s ]
[ sql ] [ SQL ] SHOW COLUMNS FROM `shop_cart` [ RunTime:0.020725s ]
[ sql ] [ SQL ] SELECT * FROM `shop_cart` WHERE  `user_id` = 2 [ RunTime:0.000418s ]
[ sql ] [ SQL ] SHOW COLUMNS FROM `shop_goods` [ RunTime:0.018920s ]
[ sql ] [ SQL ] SELECT * FROM `shop_goods` WHERE  `id` = 8 LIMIT 1 [ RunTime:0.000500s ]
[ sql ] [ SQL ] SELECT a.attr_value,b.attr_name FROM shop_goods_attr a 
                LEFT JOIN shop_attribute b on a.attr_id = b.id WHERE a.id IN(84,81,79) [ RunTime:0.000457s ]
[ sql ] [ SQL ] SELECT * FROM `shop_goods` WHERE  `id` = 8 LIMIT 1 [ RunTime:0.000433s ]
[ sql ] [ SQL ] SELECT a.attr_value,b.attr_name FROM shop_goods_attr a 
                LEFT JOIN shop_attribute b on a.attr_id = b.id WHERE a.id IN(82,81,79) [ RunTime:0.000354s ]
[ sql ] [ SQL ] SELECT * FROM `shop_goods` WHERE  `id` = 52 LIMIT 1 [ RunTime:0.000406s ]
[ sql ] [ SQL ] SELECT a.attr_value,b.attr_name FROM shop_goods_attr a 
                LEFT JOIN shop_attribute b on a.attr_id = b.id WHERE a.id IN(85,86,87) [ RunTime:0.000451s ]
[ sql ] [ SQL ] SELECT * FROM `shop_goods` WHERE  `id` = 49 LIMIT 1 [ RunTime:0.000353s ]
[ sql ] [ SQL ] SELECT a.attr_value,b.attr_name FROM shop_goods_attr a 
                LEFT JOIN shop_attribute b on a.attr_id = b.id WHERE a.id IN(64,65,66) [ RunTime:0.000291s ]
[ sql ] [ SQL ] SELECT * FROM `shop_goods` WHERE  `id` = 51 LIMIT 1 [ RunTime:0.000384s ]
[ sql ] [ SQL ] SELECT a.attr_value,b.attr_name FROM shop_goods_attr a 
                LEFT JOIN shop_attribute b on a.attr_id = b.id WHERE a.id IN(71,72,73) [ RunTime:0.000310s ]
---------------------------------------------------------------
[ 2019-06-27T23:24:31+08:00 ] 127.0.0.1 127.0.0.1 POST /index/pay/pay.html
[ info ] shop34.com/index/pay/pay.html [运行时间：0.106399s][吞吐率：9.40req/s] [内存消耗：2,421.09kb] [文件加载：59]
[ info ] [ LANG ] D:\phpStudy\PHPTutorial\WWW\php34\shop\thinkphp\lang\zh-cn.php
[ info ] [ ROUTE ] array (
  'type' => 'module',
  'module' => 
  array (
    0 => 'index',
    1 => 'pay',
    2 => 'pay',
  ),
)
[ info ] [ HEADER ] array (
  'cookie' => 'thinkphp_show_page_trace=0|0; pgv_pvi=5544160256; admin_info=think%3A%7B%22id%22%3A%221%22%2C%22username%22%3A%22admin%22%2C%22password%22%3A%2221232f297a57a5a743894a0e4a801fc3%22%2C%22role_id%22%3A%221%22%7D; PHPSESSID=plq5vkt9m2273uppbv6rsbikr4',
  'accept-language' => 'zh-CN,zh;q=0.9',
  'accept-encoding' => 'gzip, deflate',
  'referer' => 'http://shop34.com/index/pay/check.html',
  'accept' => 'text/html,application/xhtml+xml,application/xml;q=0.9,image/webp,image/apng,*/*;q=0.8,application/signed-exchange;v=b3',
  'user-agent' => 'Mozilla/5.0 (Windows NT 10.0; Win64; x64) AppleWebKit/537.36 (KHTML, like Gecko) Chrome/75.0.3770.100 Safari/537.36',
  'content-type' => 'application/x-www-form-urlencoded',
  'upgrade-insecure-requests' => '1',
  'origin' => 'http://shop34.com',
  'cache-control' => 'max-age=0',
  'content-length' => '45',
  'connection' => 'close',
  'host' => 'shop34.com',
)
[ info ] [ PARAM ] array (
  'people' => '',
  'address' => '',
  'phone' => '',
  'delivery' => 'on',
  'pay_way' => '1',
)
[ info ] [ DB ] INIT mysql
[ info ] [ RUN ] app\index\controller\Pay->pay[ D:\phpStudy\PHPTutorial\WWW\php34\shop\application\index\controller\Pay.php ]
[ info ] [ SESSION ] INIT array (
  'id' => '',
  'var_session_id' => '',
  'prefix' => 'think',
  'type' => '',
  'auto_start' => true,
)
[ info ] [ LOG ] INIT File
[ sql ] [ DB ] CONNECT:[ UseTime:0.011038s ] mysql:host=127.0.0.1;port=3306;dbname=shop34;charset=utf8
[ sql ] [ SQL ] SHOW COLUMNS FROM `shop_category` [ RunTime:0.014941s ]
[ sql ] [ SQL ] SELECT * FROM `shop_category` [ RunTime:0.000498s ]
[ sql ] [ SQL ] SHOW COLUMNS FROM `shop_cart` [ RunTime:0.013612s ]
[ sql ] [ SQL ] SELECT * FROM `shop_cart` WHERE  `user_id` = 2 [ RunTime:0.000426s ]
[ sql ] [ SQL ] SHOW COLUMNS FROM `shop_goods` [ RunTime:0.013388s ]
[ sql ] [ SQL ] SELECT * FROM `shop_goods` WHERE  `id` = 8 LIMIT 1 [ RunTime:0.000493s ]
[ sql ] [ SQL ] SELECT a.attr_value,b.attr_name FROM shop_goods_attr a 
                LEFT JOIN shop_attribute b on a.attr_id = b.id WHERE a.id IN(84,81,79) [ RunTime:0.000393s ]
[ sql ] [ SQL ] SELECT * FROM `shop_goods` WHERE  `id` = 8 LIMIT 1 [ RunTime:0.000407s ]
[ sql ] [ SQL ] SELECT a.attr_value,b.attr_name FROM shop_goods_attr a 
                LEFT JOIN shop_attribute b on a.attr_id = b.id WHERE a.id IN(82,81,79) [ RunTime:0.000378s ]
[ sql ] [ SQL ] SELECT * FROM `shop_goods` WHERE  `id` = 52 LIMIT 1 [ RunTime:0.000396s ]
[ sql ] [ SQL ] SELECT a.attr_value,b.attr_name FROM shop_goods_attr a 
                LEFT JOIN shop_attribute b on a.attr_id = b.id WHERE a.id IN(85,86,87) [ RunTime:0.000332s ]
[ sql ] [ SQL ] SELECT * FROM `shop_goods` WHERE  `id` = 49 LIMIT 1 [ RunTime:0.000394s ]
[ sql ] [ SQL ] SELECT a.attr_value,b.attr_name FROM shop_goods_attr a 
                LEFT JOIN shop_attribute b on a.attr_id = b.id WHERE a.id IN(64,65,66) [ RunTime:0.000380s ]
[ sql ] [ SQL ] SELECT * FROM `shop_goods` WHERE  `id` = 51 LIMIT 1 [ RunTime:0.000331s ]
[ sql ] [ SQL ] SELECT a.attr_value,b.attr_name FROM shop_goods_attr a 
                LEFT JOIN shop_attribute b on a.attr_id = b.id WHERE a.id IN(71,72,73) [ RunTime:0.000323s ]
---------------------------------------------------------------
[ 2019-06-27T23:24:32+08:00 ] 127.0.0.1 127.0.0.1 GET /index/pay/check.html
[ info ] shop34.com/index/pay/check.html [运行时间：0.147392s][吞吐率：6.78req/s] [内存消耗：2,493.80kb] [文件加载：60]
[ info ] [ LANG ] D:\phpStudy\PHPTutorial\WWW\php34\shop\thinkphp\lang\zh-cn.php
[ info ] [ ROUTE ] array (
  'type' => 'module',
  'module' => 
  array (
    0 => 'index',
    1 => 'pay',
    2 => 'check',
  ),
)
[ info ] [ HEADER ] array (
  'cookie' => 'thinkphp_show_page_trace=0|0; pgv_pvi=5544160256; admin_info=think%3A%7B%22id%22%3A%221%22%2C%22username%22%3A%22admin%22%2C%22password%22%3A%2221232f297a57a5a743894a0e4a801fc3%22%2C%22role_id%22%3A%221%22%7D; PHPSESSID=plq5vkt9m2273uppbv6rsbikr4',
  'accept-language' => 'zh-CN,zh;q=0.9',
  'accept-encoding' => 'gzip, deflate',
  'referer' => 'http://shop34.com/index/pay/check.html',
  'accept' => 'text/html,application/xhtml+xml,application/xml;q=0.9,image/webp,image/apng,*/*;q=0.8,application/signed-exchange;v=b3',
  'user-agent' => 'Mozilla/5.0 (Windows NT 10.0; Win64; x64) AppleWebKit/537.36 (KHTML, like Gecko) Chrome/75.0.3770.100 Safari/537.36',
  'upgrade-insecure-requests' => '1',
  'cache-control' => 'max-age=0',
  'connection' => 'close',
  'host' => 'shop34.com',
)
[ info ] [ PARAM ] array (
)
[ info ] [ DB ] INIT mysql
[ info ] [ RUN ] app\index\controller\Pay->check[ D:\phpStudy\PHPTutorial\WWW\php34\shop\application\index\controller\Pay.php ]
[ info ] [ SESSION ] INIT array (
  'id' => '',
  'var_session_id' => '',
  'prefix' => 'think',
  'type' => '',
  'auto_start' => true,
)
[ info ] [ VIEW ] D:\phpStudy\PHPTutorial\WWW\php34\shop\public/../application/index\view\pay\check.html [ array (
  0 => 'category',
  1 => 'data',
  2 => 'total',
  3 => 'sum',
) ]
[ info ] [ LOG ] INIT File
[ sql ] [ DB ] CONNECT:[ UseTime:0.011701s ] mysql:host=127.0.0.1;port=3306;dbname=shop34;charset=utf8
[ sql ] [ SQL ] SHOW COLUMNS FROM `shop_category` [ RunTime:0.026143s ]
[ sql ] [ SQL ] SELECT * FROM `shop_category` [ RunTime:0.000426s ]
[ sql ] [ SQL ] SHOW COLUMNS FROM `shop_cart` [ RunTime:0.018501s ]
[ sql ] [ SQL ] SELECT * FROM `shop_cart` WHERE  `user_id` = 2 [ RunTime:0.000424s ]
[ sql ] [ SQL ] SHOW COLUMNS FROM `shop_goods` [ RunTime:0.018670s ]
[ sql ] [ SQL ] SELECT * FROM `shop_goods` WHERE  `id` = 8 LIMIT 1 [ RunTime:0.000507s ]
[ sql ] [ SQL ] SELECT a.attr_value,b.attr_name FROM shop_goods_attr a 
                LEFT JOIN shop_attribute b on a.attr_id = b.id WHERE a.id IN(84,81,79) [ RunTime:0.000398s ]
[ sql ] [ SQL ] SELECT * FROM `shop_goods` WHERE  `id` = 8 LIMIT 1 [ RunTime:0.000386s ]
[ sql ] [ SQL ] SELECT a.attr_value,b.attr_name FROM shop_goods_attr a 
                LEFT JOIN shop_attribute b on a.attr_id = b.id WHERE a.id IN(82,81,79) [ RunTime:0.000382s ]
[ sql ] [ SQL ] SELECT * FROM `shop_goods` WHERE  `id` = 52 LIMIT 1 [ RunTime:0.000401s ]
[ sql ] [ SQL ] SELECT a.attr_value,b.attr_name FROM shop_goods_attr a 
                LEFT JOIN shop_attribute b on a.attr_id = b.id WHERE a.id IN(85,86,87) [ RunTime:0.000367s ]
[ sql ] [ SQL ] SELECT * FROM `shop_goods` WHERE  `id` = 49 LIMIT 1 [ RunTime:0.000315s ]
[ sql ] [ SQL ] SELECT a.attr_value,b.attr_name FROM shop_goods_attr a 
                LEFT JOIN shop_attribute b on a.attr_id = b.id WHERE a.id IN(64,65,66) [ RunTime:0.000328s ]
[ sql ] [ SQL ] SELECT * FROM `shop_goods` WHERE  `id` = 51 LIMIT 1 [ RunTime:0.000330s ]
[ sql ] [ SQL ] SELECT a.attr_value,b.attr_name FROM shop_goods_attr a 
                LEFT JOIN shop_attribute b on a.attr_id = b.id WHERE a.id IN(71,72,73) [ RunTime:0.000348s ]
